<?xml version="1.0" encoding="UTF-8"?>
<!-- Generated by org.testng.reporters.JUnitReportReporter -->
<testsuite hostname="DESKTOP-2TKCA3Q" failures="0" tests="1" name="MyTest" time="10.786" errors="0" timestamp="20 Jan 2021 06:57:46 GMT" skipped="0">
  <testcase classname="MyTest" name="FacebookLogin" time="10.786"/>
</testsuite> <!-- MyTest -->
